INFO:uvicorn.error:Started server process [59641]
INFO:uvicorn.error:Waiting for application startup.
INFO:uvicorn.error:Application startup complete.
INFO:uvicorn.error:Shutting down
INFO:uvicorn.error:Waiting for application shutdown.
INFO:uvicorn.error:Application shutdown complete.
INFO:uvicorn.error:Finished server process [59641]
INFO:uvicorn.error:Started server process [70076]
INFO:uvicorn.error:Waiting for application startup.
INFO:uvicorn.error:Application startup complete.
ERROR:root:1 validation error for User
response -> id
  field required (type=value_error.missing)
ERROR:uvicorn.error:Exception in ASGI application
Traceback (most recent call last):
  File "/home/diego/proyectos/grow/python/ApiLibrary/venv/lib/python3.10/site-packages/uvicorn/protocols/http/h11_impl.py", line 404, in run_asgi
    result = await app(  # type: ignore[func-returns-value]
  File "/home/diego/proyectos/grow/python/ApiLibrary/venv/lib/python3.10/site-packages/uvicorn/middleware/proxy_headers.py", line 78, in __call__
    return await self.app(scope, receive, send)
  File "/home/diego/proyectos/grow/python/ApiLibrary/venv/lib/python3.10/site-packages/fastapi/applications.py", line 269, in __call__
    await super().__call__(scope, receive, send)
  File "/home/diego/proyectos/grow/python/ApiLibrary/venv/lib/python3.10/site-packages/starlette/applications.py", line 124, in __call__
    await self.middleware_stack(scope, receive, send)
  File "/home/diego/proyectos/grow/python/ApiLibrary/venv/lib/python3.10/site-packages/starlette/middleware/errors.py", line 184, in __call__
    raise exc
  File "/home/diego/proyectos/grow/python/ApiLibrary/venv/lib/python3.10/site-packages/starlette/middleware/errors.py", line 162, in __call__
    await self.app(scope, receive, _send)
  File "/home/diego/proyectos/grow/python/ApiLibrary/venv/lib/python3.10/site-packages/starlette/exceptions.py", line 93, in __call__
    raise exc
  File "/home/diego/proyectos/grow/python/ApiLibrary/venv/lib/python3.10/site-packages/starlette/exceptions.py", line 82, in __call__
    await self.app(scope, receive, sender)
  File "/home/diego/proyectos/grow/python/ApiLibrary/venv/lib/python3.10/site-packages/fastapi/middleware/asyncexitstack.py", line 21, in __call__
    raise e
  File "/home/diego/proyectos/grow/python/ApiLibrary/venv/lib/python3.10/site-packages/fastapi/middleware/asyncexitstack.py", line 18, in __call__
    await self.app(scope, receive, send)
  File "/home/diego/proyectos/grow/python/ApiLibrary/venv/lib/python3.10/site-packages/starlette/routing.py", line 670, in __call__
    await route.handle(scope, receive, send)
  File "/home/diego/proyectos/grow/python/ApiLibrary/venv/lib/python3.10/site-packages/starlette/routing.py", line 266, in handle
    await self.app(scope, receive, send)
  File "/home/diego/proyectos/grow/python/ApiLibrary/venv/lib/python3.10/site-packages/starlette/routing.py", line 65, in app
    response = await func(request)
  File "/home/diego/proyectos/grow/python/ApiLibrary/venv/lib/python3.10/site-packages/fastapi/routing.py", line 249, in app
    content = await serialize_response(
  File "/home/diego/proyectos/grow/python/ApiLibrary/venv/lib/python3.10/site-packages/fastapi/routing.py", line 138, in serialize_response
    raise ValidationError(errors, field.type_)
pydantic.error_wrappers.ValidationError: 1 validation error for User
response -> id
  field required (type=value_error.missing)
INFO:uvicorn.error:Shutting down
INFO:uvicorn.error:Waiting for application shutdown.
INFO:uvicorn.error:Application shutdown complete.
INFO:uvicorn.error:Finished server process [70076]
INFO:uvicorn.error:Started server process [70777]
INFO:uvicorn.error:Waiting for application startup.
INFO:uvicorn.error:Application startup complete.
INFO:uvicorn.error:Started server process [13767]
INFO:uvicorn.error:Waiting for application startup.
INFO:uvicorn.error:Application startup complete.
INFO:uvicorn.error:Shutting down
INFO:uvicorn.error:Waiting for application shutdown.
INFO:uvicorn.error:Application shutdown complete.
INFO:uvicorn.error:Finished server process [13767]
INFO:uvicorn.error:Started server process [14523]
INFO:uvicorn.error:Waiting for application startup.
INFO:uvicorn.error:Application startup complete.
INFO:uvicorn.error:Shutting down
INFO:uvicorn.error:Waiting for application shutdown.
INFO:uvicorn.error:Application shutdown complete.
INFO:uvicorn.error:Finished server process [14523]
INFO:uvicorn.error:Started server process [23572]
INFO:uvicorn.error:Waiting for application startup.
INFO:uvicorn.error:Application startup complete.
INFO:uvicorn.error:Shutting down
INFO:uvicorn.error:Waiting for application shutdown.
INFO:uvicorn.error:Application shutdown complete.
INFO:uvicorn.error:Finished server process [23572]
INFO:uvicorn.error:Started server process [23609]
INFO:uvicorn.error:Waiting for application startup.
INFO:uvicorn.error:Application startup complete.
INFO:uvicorn.error:Shutting down
INFO:uvicorn.error:Waiting for application shutdown.
INFO:uvicorn.error:Application shutdown complete.
INFO:uvicorn.error:Finished server process [23609]
INFO:uvicorn.error:Started server process [23702]
INFO:uvicorn.error:Waiting for application startup.
INFO:uvicorn.error:Application startup complete.
INFO:uvicorn.error:Shutting down
INFO:uvicorn.error:Waiting for application shutdown.
INFO:uvicorn.error:Application shutdown complete.
INFO:uvicorn.error:Finished server process [23702]
INFO:uvicorn.error:Started server process [23730]
INFO:uvicorn.error:Waiting for application startup.
INFO:uvicorn.error:Application startup complete.
INFO:uvicorn.error:Shutting down
INFO:uvicorn.error:Waiting for application shutdown.
INFO:uvicorn.error:Application shutdown complete.
INFO:uvicorn.error:Finished server process [23730]
INFO:uvicorn.error:Started server process [23781]
INFO:uvicorn.error:Waiting for application startup.
INFO:uvicorn.error:Application startup complete.
INFO:uvicorn.error:Shutting down
INFO:uvicorn.error:Waiting for application shutdown.
INFO:uvicorn.error:Application shutdown complete.
INFO:uvicorn.error:Finished server process [23781]
INFO:uvicorn.error:Started server process [23787]
INFO:uvicorn.error:Waiting for application startup.
INFO:uvicorn.error:Application startup complete.
INFO:uvicorn.error:Shutting down
INFO:uvicorn.error:Waiting for application shutdown.
INFO:uvicorn.error:Application shutdown complete.
INFO:uvicorn.error:Finished server process [23787]
INFO:uvicorn.error:Started server process [23799]
INFO:uvicorn.error:Waiting for application startup.
INFO:uvicorn.error:Application startup complete.
INFO:uvicorn.error:Shutting down
INFO:uvicorn.error:Waiting for application shutdown.
INFO:uvicorn.error:Application shutdown complete.
INFO:uvicorn.error:Finished server process [23799]
INFO:uvicorn.error:Started server process [23820]
INFO:uvicorn.error:Waiting for application startup.
INFO:uvicorn.error:Application startup complete.
INFO:uvicorn.error:Shutting down
INFO:uvicorn.error:Waiting for application shutdown.
INFO:uvicorn.error:Application shutdown complete.
INFO:uvicorn.error:Finished server process [23820]
INFO:uvicorn.error:Started server process [23836]
INFO:uvicorn.error:Waiting for application startup.
INFO:uvicorn.error:Application startup complete.
INFO:uvicorn.error:Shutting down
INFO:uvicorn.error:Waiting for application shutdown.
INFO:uvicorn.error:Application shutdown complete.
INFO:uvicorn.error:Finished server process [23836]
INFO:uvicorn.error:Started server process [24001]
INFO:uvicorn.error:Waiting for application startup.
INFO:uvicorn.error:Application startup complete.
INFO:uvicorn.error:Shutting down
INFO:uvicorn.error:Waiting for application shutdown.
INFO:uvicorn.error:Application shutdown complete.
INFO:uvicorn.error:Finished server process [24001]
INFO:uvicorn.error:Started server process [24052]
INFO:uvicorn.error:Waiting for application startup.
INFO:uvicorn.error:Application startup complete.
INFO:uvicorn.error:Shutting down
INFO:uvicorn.error:Waiting for application shutdown.
INFO:uvicorn.error:Application shutdown complete.
INFO:uvicorn.error:Finished server process [24052]
INFO:uvicorn.error:Started server process [24057]
INFO:uvicorn.error:Waiting for application startup.
INFO:uvicorn.error:Application startup complete.
INFO:uvicorn.error:Shutting down
INFO:uvicorn.error:Waiting for application shutdown.
INFO:uvicorn.error:Application shutdown complete.
INFO:uvicorn.error:Finished server process [24057]
INFO:uvicorn.error:Started server process [24165]
INFO:uvicorn.error:Waiting for application startup.
INFO:uvicorn.error:Application startup complete.
INFO:uvicorn.error:Shutting down
INFO:uvicorn.error:Waiting for application shutdown.
INFO:uvicorn.error:Application shutdown complete.
INFO:uvicorn.error:Finished server process [24165]
INFO:uvicorn.error:Started server process [24191]
INFO:uvicorn.error:Waiting for application startup.
INFO:uvicorn.error:Application startup complete.
INFO:uvicorn.error:Shutting down
INFO:uvicorn.error:Waiting for application shutdown.
INFO:uvicorn.error:Application shutdown complete.
INFO:uvicorn.error:Finished server process [24191]
INFO:uvicorn.error:Started server process [24222]
INFO:uvicorn.error:Waiting for application startup.
INFO:uvicorn.error:Application startup complete.
INFO:uvicorn.error:Shutting down
INFO:uvicorn.error:Waiting for application shutdown.
INFO:uvicorn.error:Application shutdown complete.
INFO:uvicorn.error:Finished server process [24222]
INFO:uvicorn.error:Started server process [24956]
INFO:uvicorn.error:Waiting for application startup.
INFO:uvicorn.error:Application startup complete.
INFO:uvicorn.error:Shutting down
INFO:uvicorn.error:Waiting for application shutdown.
INFO:uvicorn.error:Application shutdown complete.
INFO:uvicorn.error:Finished server process [24956]
INFO:uvicorn.error:Started server process [25091]
INFO:uvicorn.error:Waiting for application startup.
INFO:uvicorn.error:Application startup complete.
INFO:uvicorn.error:Shutting down
INFO:uvicorn.error:Waiting for application shutdown.
INFO:uvicorn.error:Application shutdown complete.
INFO:uvicorn.error:Finished server process [25091]
INFO:uvicorn.error:Started server process [25113]
INFO:uvicorn.error:Waiting for application startup.
INFO:uvicorn.error:Application startup complete.
INFO:uvicorn.error:Shutting down
INFO:uvicorn.error:Waiting for application shutdown.
INFO:uvicorn.error:Application shutdown complete.
INFO:uvicorn.error:Finished server process [25113]
INFO:uvicorn.error:Started server process [25165]
INFO:uvicorn.error:Waiting for application startup.
INFO:uvicorn.error:Application startup complete.
INFO:uvicorn.error:Shutting down
INFO:uvicorn.error:Waiting for application shutdown.
INFO:uvicorn.error:Application shutdown complete.
INFO:uvicorn.error:Finished server process [25165]
INFO:uvicorn.error:Started server process [25179]
INFO:uvicorn.error:Waiting for application startup.
INFO:uvicorn.error:Application startup complete.
INFO:uvicorn.error:Shutting down
INFO:uvicorn.error:Waiting for application shutdown.
INFO:uvicorn.error:Application shutdown complete.
INFO:uvicorn.error:Finished server process [25179]
INFO:uvicorn.error:Started server process [25311]
INFO:uvicorn.error:Waiting for application startup.
INFO:uvicorn.error:Application startup complete.
INFO:uvicorn.error:Shutting down
INFO:uvicorn.error:Waiting for application shutdown.
INFO:uvicorn.error:Application shutdown complete.
INFO:uvicorn.error:Finished server process [25311]
INFO:uvicorn.error:Started server process [25608]
INFO:uvicorn.error:Waiting for application startup.
INFO:uvicorn.error:Application startup complete.
INFO:uvicorn.error:Shutting down
INFO:uvicorn.error:Waiting for application shutdown.
INFO:uvicorn.error:Application shutdown complete.
INFO:uvicorn.error:Finished server process [25608]
INFO:uvicorn.error:Started server process [25720]
INFO:uvicorn.error:Waiting for application startup.
INFO:uvicorn.error:Application startup complete.
INFO:uvicorn.error:Shutting down
INFO:uvicorn.error:Waiting for application shutdown.
INFO:uvicorn.error:Application shutdown complete.
INFO:uvicorn.error:Finished server process [25720]
INFO:uvicorn.error:Started server process [25754]
INFO:uvicorn.error:Waiting for application startup.
INFO:uvicorn.error:Application startup complete.
INFO:uvicorn.error:Shutting down
INFO:uvicorn.error:Waiting for application shutdown.
INFO:uvicorn.error:Application shutdown complete.
INFO:uvicorn.error:Finished server process [25754]
INFO:uvicorn.error:Started server process [25785]
INFO:uvicorn.error:Waiting for application startup.
INFO:uvicorn.error:Application startup complete.
INFO:uvicorn.error:Shutting down
INFO:uvicorn.error:Waiting for application shutdown.
INFO:uvicorn.error:Application shutdown complete.
INFO:uvicorn.error:Finished server process [25785]
INFO:uvicorn.error:Started server process [25798]
INFO:uvicorn.error:Waiting for application startup.
INFO:uvicorn.error:Application startup complete.
INFO:uvicorn.error:Shutting down
INFO:uvicorn.error:Waiting for application shutdown.
INFO:uvicorn.error:Application shutdown complete.
INFO:uvicorn.error:Finished server process [25798]
INFO:uvicorn.error:Started server process [25945]
INFO:uvicorn.error:Waiting for application startup.
INFO:uvicorn.error:Application startup complete.
ERROR:root:sqlalchemy.orm.query.Query.filter() argument after ** must be a mapping, not list
ERROR:uvicorn.error:Exception in ASGI application
Traceback (most recent call last):
  File "/home/diego/proyectos/grow/python/ApiLibrary/venv/lib/python3.10/site-packages/uvicorn/protocols/http/h11_impl.py", line 404, in run_asgi
    result = await app(  # type: ignore[func-returns-value]
  File "/home/diego/proyectos/grow/python/ApiLibrary/venv/lib/python3.10/site-packages/uvicorn/middleware/proxy_headers.py", line 78, in __call__
    return await self.app(scope, receive, send)
  File "/home/diego/proyectos/grow/python/ApiLibrary/venv/lib/python3.10/site-packages/fastapi/applications.py", line 269, in __call__
    await super().__call__(scope, receive, send)
  File "/home/diego/proyectos/grow/python/ApiLibrary/venv/lib/python3.10/site-packages/starlette/applications.py", line 124, in __call__
    await self.middleware_stack(scope, receive, send)
  File "/home/diego/proyectos/grow/python/ApiLibrary/venv/lib/python3.10/site-packages/starlette/middleware/errors.py", line 184, in __call__
    raise exc
  File "/home/diego/proyectos/grow/python/ApiLibrary/venv/lib/python3.10/site-packages/starlette/middleware/errors.py", line 162, in __call__
    await self.app(scope, receive, _send)
  File "/home/diego/proyectos/grow/python/ApiLibrary/venv/lib/python3.10/site-packages/starlette/exceptions.py", line 93, in __call__
    raise exc
  File "/home/diego/proyectos/grow/python/ApiLibrary/venv/lib/python3.10/site-packages/starlette/exceptions.py", line 82, in __call__
    await self.app(scope, receive, sender)
  File "/home/diego/proyectos/grow/python/ApiLibrary/venv/lib/python3.10/site-packages/fastapi/middleware/asyncexitstack.py", line 21, in __call__
    raise e
  File "/home/diego/proyectos/grow/python/ApiLibrary/venv/lib/python3.10/site-packages/fastapi/middleware/asyncexitstack.py", line 18, in __call__
    await self.app(scope, receive, send)
  File "/home/diego/proyectos/grow/python/ApiLibrary/venv/lib/python3.10/site-packages/starlette/routing.py", line 670, in __call__
    await route.handle(scope, receive, send)
  File "/home/diego/proyectos/grow/python/ApiLibrary/venv/lib/python3.10/site-packages/starlette/routing.py", line 266, in handle
    await self.app(scope, receive, send)
  File "/home/diego/proyectos/grow/python/ApiLibrary/venv/lib/python3.10/site-packages/starlette/routing.py", line 65, in app
    response = await func(request)
  File "/home/diego/proyectos/grow/python/ApiLibrary/venv/lib/python3.10/site-packages/fastapi/routing.py", line 231, in app
    raw_response = await run_endpoint_function(
  File "/home/diego/proyectos/grow/python/ApiLibrary/venv/lib/python3.10/site-packages/fastapi/routing.py", line 160, in run_endpoint_function
    return await dependant.call(**values)
  File "/home/diego/proyectos/grow/python/ApiLibrary/./routes/user_route.py", line 37, in create_user
    return user_service.create_user(user, db)
  File "/home/diego/proyectos/grow/python/ApiLibrary/./service/user_service.py", line 28, in create_user
    if get_user_by_email(db, user.email):
  File "/home/diego/proyectos/grow/python/ApiLibrary/./service/user_service.py", line 24, in get_user_by_email
    return db.query(UserModel).filter(**all_filters).first()
TypeError: sqlalchemy.orm.query.Query.filter() argument after ** must be a mapping, not list
INFO:uvicorn.error:Shutting down
INFO:uvicorn.error:Waiting for application shutdown.
INFO:uvicorn.error:Application shutdown complete.
INFO:uvicorn.error:Finished server process [25945]
INFO:uvicorn.error:Started server process [26265]
INFO:uvicorn.error:Waiting for application startup.
INFO:uvicorn.error:Application startup complete.
DEBUG:passlib.handlers.bcrypt:detected 'bcrypt' backend, version '4.0.0'
DEBUG:passlib.handlers.bcrypt:'bcrypt' backend lacks $2$ support, enabling workaround
INFO:uvicorn.error:Shutting down
INFO:uvicorn.error:Waiting for application shutdown.
INFO:uvicorn.error:Application shutdown complete.
INFO:uvicorn.error:Finished server process [26265]
